              at async WPage.evaluate (/app/dist/core/engines/webjs/WPage.js:13:20)
              at async WebjsClientCore.getProfilePicUrl (/app/node_modules/whatsapp-web.js/src/Client.js:1528:28)
              at async BusinessContact.getProfilePicUrl (/app/node_modules/whatsapp-web.js/src/structures/Contact.js:120:16)
              at async WhatsappSessionWebJSCore.fetchContactProfilePicture (/app/dist/core/engines/webjs/session.webjs.core.js:714:21)
              at async descriptor.value (/app/dist/core/abc/activity.js:9:20)
              at async WhatsappSessionWebJSCore.refreshProfilePicture (/app/dist/core/abc/session.abc.js:454:21)
              at async WhatsappSessionWebJSCore.getContactProfilePicture (/app/dist/core/abc/session.abc.js:434:13)
              at async WhatsappSessionWebJSCore.fetchChatSummary (/app/dist/core/engines/webjs/session.webjs.core.js:578:25)
              at async Promise.all (index 0)
              at async WhatsappSessionWebJSCore.getChatsOverview (/app/dist/core/engines/webjs/session.webjs.core.js:574:24)
      "name": "TypeError"
    }
[19:30:52.395] [32mINFO[39m (48): [36mrequest completed[39m [90m{"reqId":315,"req":{"id":315,"method":"GET","url":"/api/default/chats/overview?limit=20&merge=true","query":{"limit":"20","merge":"true"},"params":{"path":["api","default","chats","overview"]}},"res":{"statusCode":200},"responseTime":1046}[39m
[19:30:55.118] [33mWARN[39m (WebhookSender/48): [36msession:default - Error sending POST request: 'Request failed with status code 404'. Retrying 4/15...[39m [90m{"reqId":268,"session":"default","id":"1dfc71cmn50eq6y"}[39m
[19:30:56.094] [33mWARN[39m (WebhookSender/48): [36msession:default - Error sending POST request: 'Request failed with status code 404'. Retrying 3/15...[39m [90m{"reqId":268,"session":"default","id":"1dfc71cmn50f5xj"}[39m
[19:30:56.420] [32mINFO[39m (48): [36mrequest completed[39m [90m{"reqId":319,"req":{"id":319,"method":"GET","url":"/api/default/chats/overview?limit=20&merge=true","query":{"limit":"20","merge":"true"},"params":{"path":["api","default","chats","overview"]}},"res":{"statusCode":304},"responseTime":250}[39m
[19:31:01.020] [33mWARN[39m (WebhookSender/48): [36msession:default - Error sending POST request: 'Request failed with status code 404'. Retrying 3/15...[39m [90m{"reqId":268,"session":"default","id":"1dfc71cmn50f9zs"}[39m
[19:31:13.218] [33mWARN[39m (WebhookSender/48): [36msession:default - Error sending POST request: 'Request failed with status code 404'. Retrying 7/15...[39m [90m{"reqId":268,"session":"default","id":"1dfc71cmn509vjs"}[39m
[19:31:14.879] [33mWARN[39m (WebhookSender/48): [36msession:default - Error sending POST request: 'Request failed with status code 404'. Retrying 4/15...[39m [90m{"reqId":268,"session":"default","id":"1dfc71cmn50f5xj"}[39m
[19:31:19.001] [33mWARN[39m (WebhookSender/48): [36msession:default - Error sending POST request: 'Request failed with status code 404'. Retrying 4/15...[39m [90m{"reqId":268,"session":"default","id":"1dfc71cmn50f9zs"}[39m
[19:31:29.118] [33mWARN[39m (WebhookSender/48): [36msession:default - Error sending POST request: 'Request failed with status code 404'. Retrying 6/15...[39m [90m{"reqId":268,"session":"default","id":"1dfc71cmn50d3o4"}[39m
[19:31:34.324] [33mWARN[39m (WebhookSender/48): [36msession:default - Error sending POST request: 'Request failed with status code 404'. Retrying 5/15...[39m [90m{"reqId":268,"session":"default","id":"1dfc71cmn50eq6y"}[39m
[19:31:37.757] [33mWARN[39m (WebhookSender/48): [36msession:default - Error sending POST request: 'Request failed with status code 404'. Retrying 6/15...[39m [90m{"reqId":268,"session":"default","id":"1dfc71cmn50dbd2"}[39m
[19:31:40.255] [33mWARN[39m (WebhookSender/48): [36msession:default - Error sending POST request: 'Request failed with status code 404'. Retrying 6/15...[39m [90m{"reqId":268,"session":"default","id":"1dfc71cmn50d9sw"}[39m
[19:31:48.206] [33mWARN[39m (WebhookSender/48): [36msession:default - Error sending POST request: 'Request failed with status code 404'. Retrying 6/15...[39m [90m{"reqId":268,"session":"default","id":"1dfc71cmn50dj4q"}[39m
[19:31:53.654] [33mWARN[39m (WebhookSender/48): [36msession:default - Error sending POST request: 'Request failed with status code 404'. Retrying 5/15...[39m [90m{"reqId":268,"session":"default","id":"1dfc71cmn50f5xj"}[39m
[19:31:57.537] [33mWARN[39m (WebhookSender/48): [36msession:default - Error sending POST request: 'Request failed with status code 404'. Retrying 5/15...[39m [90m{"reqId":268,"session":"default","id":"1dfc71cmn50f9zs"}[39m
[19:32:01.852] [33mWARN[39m (WebhookSender/48): [36msession:default - Error sending POST request: 'Request failed with status code 404'. Retrying 6/15...[39m [90m{"reqId":268,"session":"default","id":"1dfc71cmn50dsdp"}[39m
[19:32:02.802] [33mWARN[39m (WebhookSender/48): [36msession:default - Error sending POST request: 'Request failed with status code 404'. Retrying 7/15...[39m [90m{"reqId":268,"session":"default","id":"1dfc71cmn50apn1"}[39m
[19:32:27.850] [32mINFO[39m (Storage/48): [36msession:default - File /tmp/whatsapp-files/default/false_status@broadcast_2ACD1E903473FE9AFF50_73521585758439@lid.jpeg was removed[39m [90m{"reqId":268,"session":"default"}[39m
[19:32:34.620] [32mINFO[39m (WebhookSender/48): [36msession:default - Sending POST...[39m [90m{"reqId":268,"session":"default","id":"1dfc71cmn50hkn0","event.id":"evt_01kmgnb9nvdb1qq60ym13kxhf1","event":"message","url":"https://httpbin.org/post"}[39m
[19:32:34.631] [32mINFO[39m (WebhookSender/48): [36msession:default - Sending POST...[39m [90m{"reqId":268,"session":"default","id":"1dfc71cmn50hknb","event.id":"evt_01kmgnb9nvdb1qq60ym13kxhf1","event":"message","url":"http://localhost:3000/dashboard/"}[39m
[19:32:34.652] [33mWARN[39m (WebhookSender/48): [36msession:default - Error sending POST request: 'Request failed with status code 404'. Retrying 1/15...[39m [90m{"reqId":268,"session":"default","id":"1dfc71cmn50hknb"}[39m
[19:32:36.501] [32mINFO[39m (WebhookSender/48): [36msession:default - POST request was sent with status code: 200[39m [90m{"reqId":268,"session":"default","id":"1dfc71cmn50hkn0","event.id":"evt_01kmgnb9nvdb1qq60ym13kxhf1","event":"message","url":"https://httpbin.org/post"}[39m
[19:32:41.139] [33mWARN[39m (WebhookSender/48): [36msession:default - Error sending POST request: 'Request failed with status code 404'. Retrying 2/15...[39m [90m{"reqId":268,"session":"default","id":"1dfc71cmn50hknb"}[39m
[19:32:46.243] [33mWARN[39m (WebhookSender/48): [36msession:default - Error sending POST request: 'Request failed with status code 404'. Retrying 6/15...[39m [90m{"reqId":268,"session":"default","id":"1dfc71cmn50eq6y"}[39m
[19:32:49.494] [33mWARN[39m (WebhookSender/48): [36msession:default - Error sending POST request: 'Request failed with status code 404'. Retrying 3/15...[39m [90m{"reqId":268,"session":"default","id":"1dfc71cmn50hknb"}[39m
[19:33:04.245] [32mINFO[39m (WebhookSender/48): [36msession:default - Sending POST...[39m [90m{"reqId":268,"session":"default","id":"1dfc71cmn50i7hx","event.id":"evt_01kmgnc6kj6dxhyc1zaq2xwb07","event":"message","url":"https://httpbin.org/post"}[39m
[19:33:04.254] [32mINFO[39m (WebhookSender/48): [36msession:default - Sending POST...[39m [90m{"reqId":268,"session":"default","id":"1dfc71cmn50i7i6","event.id":"evt_01kmgnc6kj6dxhyc1zaq2xwb07","event":"message","url":"http://localhost:3000/dashboard/"}[39m
[19:33:04.269] [33mWARN[39m (WebhookSender/48): [36msession:default - Error sending POST request: 'Request failed with status code 404'. Retrying 1/15...[39m [90m{"reqId":268,"session":"default","id":"1dfc71cmn50i7i6"}[39m
[19:33:04.930] [32mINFO[39m (WebhookSender/48): [36msession:default - POST request was sent with status code: 200[39m [90m{"reqId":268,"session":"default","id":"1dfc71cmn50i7hx","event.id":"evt_01kmgnc6kj6dxhyc1zaq2xwb07","event":"message","url":"https://httpbin.org/post"}[39m
[19:33:05.771] [33mWARN[39m (WebhookSender/48): [36msession:default - Error sending POST request: 'Request failed with status code 404'. Retrying 6/15...[39m [90m{"reqId":268,"session":"default","id":"1dfc71cmn50f5xj"}[39m
[19:33:06.915] [33mWARN[39m (WebhookSender/48): [36msession:default - Error sending POST request: 'Request failed with status code 404'. Retrying 4/15...[39m [90m{"reqId":268,"session":"default","id":"1dfc71cmn50hknb"}[39m
[19:33:08.852] [33mWARN[39m (WebhookSender/48): [36msession:default - Error sending POST request: 'Request failed with status code 404'. Retrying 2/15...[39m [90m{"reqId":268,"session":"default","id":"1dfc71cmn50i7i6"}[39m
[19:33:09.039] [32mINFO[39m (WebhookSender/48): [36msession:default - Sending POST...[39m [90m{"reqId":268,"session":"default","id":"1dfc71cmn50ib73","event.id":"evt_01kmgncb9egnfnn09rtchnd05j","event":"message","url":"https://httpbin.org/post"}[39m
[19:33:09.045] [32mINFO[39m (WebhookSender/48): [36msession:default - Sending POST...[39m [90m{"reqId":268,"session":"default","id":"1dfc71cmn50ib78","event.id":"evt_01kmgncb9egnfnn09rtchnd05j","event":"message","url":"http://localhost:3000/dashboard/"}[39m
[19:33:09.058] [33mWARN[39m (WebhookSender/48): [36msession:default - Error sending POST request: 'Request failed with status code 404'. Retrying 1/15...[39m [90m{"reqId":268,"session":"default","id":"1dfc71cmn50ib78"}[39m
[19:33:09.689] [32mINFO[39m (WebhookSender/48): [36msession:default - POST request was sent with status code: 200[39m [90m{"reqId":268,"session":"default","id":"1dfc71cmn50ib73","event.id":"evt_01kmgncb9egnfnn09rtchnd05j","event":"message","url":"https://httpbin.org/post"}[39m
[19:33:15.388] [33mWARN[39m (WebhookSender/48): [36msession:default - Error sending POST request: 'Request failed with status code 404'. Retrying 2/15...[39m [90m{"reqId":268,"session":"default","id":"1dfc71cmn50ib78"}[39m
[19:33:17.814] [33mWARN[39m (WebhookSender/48): [36msession:default - Error sending POST request: 'Request failed with status code 404'. Retrying 6/15...[39m [90m{"reqId":268,"session":"default","id":"1dfc71cmn50f9zs"}[39m
[19:33:20.102] [33mWARN[39m (WebhookSender/48): [36msession:default - Error sending POST request: 'Request failed with status code 404'. Retrying 3/15...[39m [90m{"reqId":268,"session":"default","id":"1dfc71cmn50i7i6"}[39m
[19:33:24.823] [33mWARN[39m (WebhookSender/48): [36msession:default - Error sending POST request: 'Request failed with status code 404'. Retrying 3/15...[39m [90m{"reqId":268,"session":"default","id":"1dfc71cmn50ib78"}[39m
[19:33:37.833] [33mWARN[39m (WebhookSender/48): [36msession:default - Error sending POST request: 'Request failed with status code 404'. Retrying 4/15...[39m [90m{"reqId":268,"session":"default","id":"1dfc71cmn50i7i6"}[39m
[19:33:40.865] [33mWARN[39m (WebhookSender/48): [36msession:default - Error sending POST request: 'Request failed with status code 404'. Retrying 5/15...[39m [90m{"reqId":268,"session":"default","id":"1dfc71cmn50hknb"}[39m
[19:33:44.883] [33mWARN[39m (WebhookSender/48): [36msession:default - Error sending POST request: 'Request failed with status code 404'. Retrying 4/15...[39m [90m{"reqId":268,"session":"default","id":"1dfc71cmn50ib78"}[39m
[19:33:47.041] [33mWARN[39m (WebhookSender/48): [36msession:default - Error sending POST request: 'Request failed with status code 404'. Retrying 7/15...[39m [90m{"reqId":268,"session":"default","id":"1dfc71cmn50d3o4"}[39m
[19:34:08.195] [33mWARN[39m (WebhookSender/48): [36msession:default - Error sending POST request: 'Request failed with status code 404'. Retrying 7/15...[39m [90m{"reqId":268,"session":"default","id":"1dfc71cmn50d9sw"}[39m
[19:34:10.619] [32mINFO[39m (48): [36mrequest completed[39m [90m{"reqId":351,"req":{"id":351,"method":"GET","url":"/api/sessions","query":{},"params":{"path":["api","sessions"]}},"res":{"statusCode":401},"responseTime":9}[39m
[19:34:11.818] [33mWARN[39m (WebhookSender/48): [36msession:default - Error sending POST request: 'Request failed with status code 404'. Retrying 7/15...[39m [90m{"reqId":268,"session":"default","id":"1dfc71cmn50dbd2"}[39m
[19:34:17.916] [33mWARN[39m (WebhookSender/48): [36msession:default - Error sending POST request: 'Request failed with status code 404'. Retrying 7/15...[39m [90m{"reqId":268,"session":"default","id":"1dfc71cmn50dj4q"}[39m
[19:34:20.176] [33mWARN[39m (WebhookSender/48): [36msession:default - Error sending POST request: 'Request failed with status code 404'. Retrying 5/15...[39m [90m{"reqId":268,"session":"default","id":"1dfc71cmn50i7i6"}[39m
[19:34:24.431] [33mWARN[39m (WebhookSender/48): [36msession:default - Error sending POST request: 'Request failed with status code 404'. Retrying 5/15...[39m [90m{"reqId":268,"session":"default","id":"1dfc71cmn50ib78"}[39m
[19:34:31.951] [32mINFO[39m (WebhookSender/48): [36msession:default - Sending POST...[39m [90m{"reqId":268,"session":"default","id":"1dfc71cmn50k367","event.id":"evt_01kmgnew8dn5evtabfz34rz636","event":"message","url":"https://httpbin.org/post"}[39m
[19:34:31.965] [32mINFO[39m (WebhookSender/48): [36msession:default - Sending POST...[39m [90m{"reqId":268,"session":"default","id":"1dfc71cmn50k36l","event.id":"evt_01kmgnew8dn5evtabfz34rz636","event":"message","url":"http://localhost:3000/dashboard/"}[39m
[19:34:31.989] [33mWARN[39m (WebhookSender/48): [36msession:default - Error sending POST request: 'Request failed with status code 404'. Retrying 1/15...[39m [90m{"reqId":268,"session":"default","id":"1dfc71cmn50k36l"}[39m
[19:34:33.302] [32mINFO[39m (WebhookSender/48): [36msession:default - POST request was sent with status code: 200[39m [90m{"reqId":268,"session":"default","id":"1dfc71cmn50k367","event.id":"evt_01kmgnew8dn5evtabfz34rz636","event":"message","url":"https://httpbin.org/post"}[39m
[19:34:36.168] [33mWARN[39m (WebhookSender/48): [36msession:default - Error sending POST request: 'Request failed with status code 404'. Retrying 2/15...[39m [90m{"reqId":268,"session":"default","id":"1dfc71cmn50k36l"}[39m
[19:34:40.171] [33mWARN[39m (WebhookSender/48): [36msession:default - Error sending POST request: 'Request failed with status code 404'. Retrying 7/15...[39m [90m{"reqId":268,"session":"default","id":"1dfc71cmn50dsdp"}[39m
[19:34:45.302] [33mWARN[39m (WebhookSender/48): [36msession:default - Error sending POST request: 'Request failed with status code 404'. Retrying 3/15...[39m [90m{"reqId":268,"session":"default","id":"1dfc71cmn50k36l"}[39m
[19:34:57.285] [33mWARN[39m (WebhookSender/48): [36msession:default - Error sending POST request: 'Request failed with status code 404'. Retrying 6/15...[39m [90m{"reqId":268,"session":"default","id":"1dfc71cmn50hknb"}[39m
[19:34:58.497] [32mINFO[39m (MediaManager/48): [36msession:default - The message false_status@broadcast_3ACE93AA7BC0947E1066_193303660253189@lid has media, downloading it...[39m [90m{"reqId":268,"session":"default"}[39m
[19:34:58.498] [32mINFO[39m (MediaManager/48): [36msession:default - The message false_status@broadcast_3ACE93AA7BC0947E1066_193303660253189@lid has media, downloading it...[39m [90m{"reqId":268,"session":"default"}[39m
[19:34:59.308] [32mINFO[39m (MediaManager/48): [36msession:default - The media from 'false_status@broadcast_3ACE93AA7BC0947E1066_193303660253189@lid' has been saved.[39m [90m{"reqId":268,"session":"default"}[39m
[19:34:59.310] [32mINFO[39m (WebhookSender/48): [36msession:default - Sending POST...[39m [90m{"reqId":268,"session":"default","id":"1dfc71cmn50koa5","event.id":"evt_01kmgnfpzcj3h3kf66m7yf75t1","event":"message","url":"https://httpbin.org/post"}[39m
[19:34:59.319] [32mINFO[39m (WebhookSender/48): [36msession:default - Sending POST...[39m [90m{"reqId":268,"session":"default","id":"1dfc71cmn50koaf","event.id":"evt_01kmgnfpzcj3h3kf66m7yf75t1","event":"message","url":"http://localhost:3000/dashboard/"}[39m
[19:34:59.335] [33mWARN[39m (WebhookSender/48): [36msession:default - Error sending POST request: 'Request failed with status code 404'. Retrying 1/15...[39m [90m{"reqId":268,"session":"default","id":"1dfc71cmn50koaf"}[39m
[19:34:59.361] [32mINFO[39m (MediaManager/48): [36msession:default - The media from 'false_status@broadcast_3ACE93AA7BC0947E1066_193303660253189@lid' has been saved.[39m [90m{"reqId":268,"session":"default"}[39m
[19:35:00.451] [32mINFO[39m (WebhookSender/48): [36msession:default - POST request was sent with status code: 200[39m [90m{"reqId":268,"session":"default","id":"1dfc71cmn50koa5","event.id":"evt_01kmgnfpzcj3h3kf66m7yf75t1","event":"message","url":"https://httpbin.org/post"}[39m
[19:35:03.571] [33mWARN[39m (WebhookSender/48): [36msession:default - Error sending POST request: 'Request failed with status code 404'. Retrying 2/15...[39m [90m{"reqId":268,"session":"default","id":"1dfc71cmn50koaf"}[39m
[19:35:03.829] [33mWARN[39m (WebhookSender/48): [36msession:default - Error sending POST request: 'Request failed with status code 404'. Retrying 4/15...[39m [90m{"reqId":268,"session":"default","id":"1dfc71cmn50k36l"}[39m
[19:35:12.955] [33mWARN[39m (WebhookSender/48): [36msession:default - Error sending POST request: 'Request failed with status code 404'. Retrying 3/15...[39m [90m{"reqId":268,"session":"default","id":"1dfc71cmn50koaf"}[39m
[19:35:27.932] [33mWARN[39m (WebhookSender/48): [36msession:default - Error sending POST request: 'Request failed with status code 404'. Retrying 7/15...[39m [90m{"reqId":268,"session":"default","id":"1dfc71cmn50f5xj"}[39m
[19:35:28.851] [33mWARN[39m (WebhookSender/48): [36msession:default - Error sending POST request: 'Request failed with status code 404'. Retrying 7/15...[39m [90m{"reqId":268,"session":"default","id":"1dfc71cmn50eq6y"}[39m
[19:35:31.076] [33mWARN[39m (WebhookSender/48): [36msession:default - Error sending POST request: 'Request failed with status code 404'. Retrying 6/15...[39m [90m{"reqId":268,"session":"default","id":"1dfc71cmn50i7i6"}[39m
[19:35:31.978] [33mWARN[39m (WebhookSender/48): [36msession:default - Error sending POST request: 'Request failed with status code 404'. Retrying 4/15...[39m [90m{"reqId":268,"session":"default","id":"1dfc71cmn50koaf"}[39m
[19:35:34.637] [32mINFO[39m (MediaManager/48): [36msession:default - The message false_status@broadcast_3A36FCA7896F7D1C7740_160756465197183@lid has media, downloading it...[39m [90m{"reqId":268,"session":"default"}[39m
[19:35:34.638] [32mINFO[39m (MediaManager/48): [36msession:default - The message false_status@broadcast_3A36FCA7896F7D1C7740_160756465197183@lid has media, downloading it...[39m [90m{"reqId":268,"session":"default"}[39m
[19:35:37.751] [32mINFO[39m (MediaManager/48): [36msession:default - The media from 'false_status@broadcast_3A36FCA7896F7D1C7740_160756465197183@lid' has been saved.[39m [90m{"reqId":268,"session":"default"}[39m
[19:35:37.841] [32mINFO[39m (MediaManager/48): [36msession:default - The media from 'false_status@broadcast_3A36FCA7896F7D1C7740_160756465197183@lid' has been saved.[39m [90m{"reqId":268,"session":"default"}[39m
[19:35:37.841] [32mINFO[39m (WebhookSender/48): [36msession:default - Sending POST...[39m [90m{"reqId":268,"session":"default","id":"1dfc71cmn50li0h","event.id":"evt_01kmgngwkhcd1y3hh02a33twq4","event":"message","url":"https://httpbin.org/post"}[39m
[19:35:37.849] [32mINFO[39m (WebhookSender/48): [36msession:default - Sending POST...[39m [90m{"reqId":268,"session":"default","id":"1dfc71cmn50li0p","event.id":"evt_01kmgngwkhcd1y3hh02a33twq4","event":"message","url":"http://localhost:3000/dashboard/"}[39m
[19:35:37.857] [33mWARN[39m (WebhookSender/48): [36msession:default - Error sending POST request: 'Request failed with status code 404'. Retrying 1/15...[39m [90m{"reqId":268,"session":"default","id":"1dfc71cmn50li0p"}[39m
[19:35:38.909] [32mINFO[39m (WebhookSender/48): [36msession:default - POST request was sent with status code: 200[39m [90m{"reqId":268,"session":"default","id":"1dfc71cmn50li0h","event.id":"evt_01kmgngwkhcd1y3hh02a33twq4","event":"message","url":"https://httpbin.org/post"}[39m
[19:35:41.425] [33mWARN[39m (WebhookSender/48): [36msession:default - Error sending POST request: 'Request failed with status code 404'. Retrying 7/15...[39m [90m{"reqId":268,"session":"default","id":"1dfc71cmn50f9zs"}[39m
[19:35:42.325] [33mWARN[39m (WebhookSender/48): [36msession:default - Error sending POST request: 'Request failed with status code 404'. Retrying 2/15...[39m [90m{"reqId":268,"session":"default","id":"1dfc71cmn50li0p"}[39m
[19:35:42.688] [33mWARN[39m (WebhookSender/48): [36msession:default - Error sending POST request: 'Request failed with status code 404'. Retrying 5/15...[39m [90m{"reqId":268,"session":"default","id":"1dfc71cmn50k36l"}[39m
[19:35:44.194] [33mWARN[39m (WebhookSender/48): [36msession:default - Error sending POST request: 'Request failed with status code 404'. Retrying 6/15...[39m [90m{"reqId":268,"session":"default","id":"1dfc71cmn50ib78"}[39m
[19:35:53.035] [33mWARN[39m (WebhookSender/48): [36msession:default - Error sending POST request: 'Request failed with status code 404'. Retrying 3/15...[39m [90m{"reqId":268,"session":"default","id":"1dfc71cmn50li0p"}[39m
[19:36:06.425] [33mWARN[39m (WebhookSender/48): [36msession:default - Error sending POST request: 'Request failed with status code 404'. Retrying 5/15...[39m [90m{"reqId":268,"session":"default","id":"1dfc71cmn50koaf"}[39m
[19:36:11.070] [33mWARN[39m (WebhookSender/48): [36msession:default - Error sending POST request: 'Request failed with status code 404'. Retrying 4/15...[39m [90m{"reqId":268,"session":"default","id":"1dfc71cmn50li0p"}[39m
